This file contains any messages produced by compilers while
running configure, to aid debugging if configure makes a mistake.

It was created by qd configure 2.3.23, which was
generated by GNU Autoconf 2.71.  Invocation command line was

  $ ./qd_root_directory/configure

## --------- ##
## Platform. ##
## --------- ##

hostname = guillermo-VirtualBox
uname -m = x86_64
uname -r = 5.15.0-83-generic
uname -s = Linux
uname -v = #92~20.04.1-Ubuntu SMP Mon Aug 21 14:00:49 UTC 2023

/usr/bin/uname -p = x86_64
/bin/uname -X     = unknown

/bin/arch              = x86_64
/usr/bin/arch -k       = unknown
/usr/convex/getsysinfo = unknown
/usr/bin/hostinfo      = unknown
/bin/machine           = unknown
/usr/bin/oslevel       = unknown
/bin/universe          = unknown

PATH: /home/guillermo/.local/bin/
PATH: /usr/local/sbin/
PATH: /usr/local/bin/
PATH: /usr/sbin/
PATH: /usr/bin/
PATH: /sbin/
PATH: /bin/
PATH: /usr/games/
PATH: /usr/local/games/
PATH: /snap/bin/


## ----------- ##
## Core tests. ##
## ----------- ##

configure:3026: looking for aux files: ltmain.sh compile config.guess config.sub missing install-sh
configure:3039:  trying ./qd_root_directory/config/
configure:3068:   ./qd_root_directory/config/ltmain.sh found
configure:3068:   ./qd_root_directory/config/compile found
configure:3068:   ./qd_root_directory/config/config.guess found
configure:3068:   ./qd_root_directory/config/config.sub found
configure:3068:   ./qd_root_directory/config/missing found
configure:3050:   ./qd_root_directory/config/install-sh found
configure:3217: checking for a BSD-compatible install
configure:3290: result: /usr/bin/install -c
configure:3301: checking whether build environment is sane
configure:3356: result: yes
configure:3513: checking for a race-free mkdir -p
configure:3557: result: /usr/bin/mkdir -p
configure:3564: checking for gawk
configure:3599: result: no
configure:3564: checking for mawk
configure:3585: found /usr/bin/mawk
configure:3596: result: mawk
configure:3607: checking whether make sets $(MAKE)
configure:3630: result: yes
configure:3660: checking whether make supports nested variables
configure:3678: result: yes
configure:3695: error: source directory already configured; run "make distclean" there first

## ---------------- ##
## Cache variables. ##
## ---------------- ##

ac_cv_env_CCC_set=
ac_cv_env_CCC_value=
ac_cv_env_CC_set=
ac_cv_env_CC_value=
ac_cv_env_CFLAGS_set=
ac_cv_env_CFLAGS_value=
ac_cv_env_CPPFLAGS_set=
ac_cv_env_CPPFLAGS_value=
ac_cv_env_CXXCPP_set=
ac_cv_env_CXXCPP_value=
ac_cv_env_CXXFLAGS_set=
ac_cv_env_CXXFLAGS_value=
ac_cv_env_CXX_set=
ac_cv_env_CXX_value=
ac_cv_env_FCFLAGS_set=
ac_cv_env_FCFLAGS_value=
ac_cv_env_FC_set=
ac_cv_env_FC_value=
ac_cv_env_LDFLAGS_set=
ac_cv_env_LDFLAGS_value=
ac_cv_env_LIBS_set=
ac_cv_env_LIBS_value=
ac_cv_env_LT_SYS_LIBRARY_PATH_set=
ac_cv_env_LT_SYS_LIBRARY_PATH_value=
ac_cv_env_build_alias_set=
ac_cv_env_build_alias_value=
ac_cv_env_host_alias_set=
ac_cv_env_host_alias_value=
ac_cv_env_target_alias_set=
ac_cv_env_target_alias_value=
ac_cv_path_install='/usr/bin/install -c'
ac_cv_path_mkdir=/usr/bin/mkdir
ac_cv_prog_AWK=mawk
ac_cv_prog_make_make_set=yes
am_cv_make_support_nested_variables=yes

## ----------------- ##
## Output variables. ##
## ----------------- ##

ACLOCAL=''
AMDEPBACKSLASH=''
AMDEP_FALSE=''
AMDEP_TRUE=''
AMTAR=''
AM_BACKSLASH='\'
AM_DEFAULT_V='$(AM_DEFAULT_VERBOSITY)'
AM_DEFAULT_VERBOSITY='1'
AM_V='$(V)'
AR=''
AUTOCONF=''
AUTOHEADER=''
AUTOMAKE=''
AWK='mawk'
CC=''
CCDEPMODE=''
CFLAGS=''
CONFIGURE_ARGS=''
CPPFLAGS=''
CXX=''
CXXCPP=''
CXXDEPMODE=''
CXXFLAGS=''
CYGPATH_W=''
DEFS=''
DEPDIR=''
DLLTOOL=''
DSYMUTIL=''
DUMPBIN=''
ECHO_C=''
ECHO_N='-n'
ECHO_T=''
EGREP=''
ETIME=''
EXEEXT=''
F77=''
FC=''
FCFLAGS=''
FCLIBS=''
FFLAGS=''
FGREP=''
GREP=''
HAVE_FORTRAN_FALSE=''
HAVE_FORTRAN_TRUE=''
INSTALL_DATA='${INSTALL} -m 644'
INSTALL_PROGRAM='${INSTALL}'
INSTALL_SCRIPT='${INSTALL}'
INSTALL_STRIP_PROGRAM='$(install_sh) -c -s'
LD=''
LDFLAGS=''
LIBOBJS=''
LIBS=''
LIBTOOL=''
LIPO=''
LN_S=''
LTLIBOBJS=''
LT_SYS_LIBRARY_PATH=''
MAKEINFO=''
MANIFEST_TOOL=''
MKDIR_P='/usr/bin/mkdir -p'
NM=''
NMEDIT=''
OBJDUMP=''
OBJEXT=''
OTOOL64=''
OTOOL=''
PACKAGE='qd'
PACKAGE_BUGREPORT='dhbailey@lbl.gov'
PACKAGE_NAME='qd'
PACKAGE_STRING='qd 2.3.23'
PACKAGE_TARNAME='qd'
PACKAGE_URL=''
PACKAGE_VERSION='2.3.23'
PATH_SEPARATOR=':'
RANLIB=''
REQ_FCFLAGS=''
SED=''
SET_MAKE=''
SHELL='/bin/bash'
STRIP=''
UPCASE_MODULE_FALSE=''
UPCASE_MODULE_TRUE=''
VERSION='2.3.23'
ac_ct_AR=''
ac_ct_CC=''
ac_ct_CXX=''
ac_ct_DUMPBIN=''
ac_ct_FC=''
am__EXEEXT_FALSE=''
am__EXEEXT_TRUE=''
am__fastdepCC_FALSE=''
am__fastdepCC_TRUE=''
am__fastdepCXX_FALSE=''
am__fastdepCXX_TRUE=''
am__include=''
am__isrc=' -I$(srcdir)'
am__leading_dot='.'
am__nodep=''
am__quote=''
am__tar=''
am__untar=''
ax_f90_modflag=''
bindir='${exec_prefix}/bin'
build=''
build_alias=''
build_cpu=''
build_os=''
build_vendor=''
datadir='${datarootdir}'
datarootdir='${prefix}/share'
docdir='${datarootdir}/doc/${PACKAGE_TARNAME}'
dvidir='${docdir}'
exec_prefix='NONE'
host=''
host_alias=''
host_cpu=''
host_os=''
host_vendor=''
htmldir='${docdir}'
includedir='${prefix}/include'
infodir='${datarootdir}/info'
install_sh='${SHELL} /home/guillermo/dingo/qd_root_directory/config/install-sh'
libdir='${exec_prefix}/lib'
libexecdir='${exec_prefix}/libexec'
localedir='${datarootdir}/locale'
localstatedir='${prefix}/var'
mandir='${datarootdir}/man'
mkdir_p=''
module_ext=''
oldincludedir='/usr/include'
pdfdir='${docdir}'
prefix='NONE'
program_transform_name='s,x,x,'
psdir='${docdir}'
runstatedir='${localstatedir}/run'
sbindir='${exec_prefix}/sbin'
sharedstatedir='${prefix}/com'
sysconfdir='${prefix}/etc'
target_alias=''

## ----------- ##
## confdefs.h. ##
## ----------- ##

/* confdefs.h */
#define PACKAGE_NAME "qd"
#define PACKAGE_TARNAME "qd"
#define PACKAGE_VERSION "2.3.23"
#define PACKAGE_STRING "qd 2.3.23"
#define PACKAGE_BUGREPORT "dhbailey@lbl.gov"
#define PACKAGE_URL ""
#define MAJOR_VERSION 2
#define MINOR_VERSION 3
#define PATCH_VERSION 23

configure: exit 1
