This file contains any messages produced by compilers while
running configure, to aid debugging if configure makes a mistake.

It was created by qd configure 2.3.23, which was
generated by GNU Autoconf 2.71.  Invocation command line was

  $ ./configure

## --------- ##
## Platform. ##
## --------- ##

hostname = guillermo-VirtualBox
uname -m = x86_64
uname -r = 5.15.0-83-generic
uname -s = Linux
uname -v = #92~20.04.1-Ubuntu SMP Mon Aug 21 14:00:49 UTC 2023

/usr/bin/uname -p = x86_64
/bin/uname -X     = unknown

/bin/arch              = x86_64
/usr/bin/arch -k       = unknown
/usr/convex/getsysinfo = unknown
/usr/bin/hostinfo      = unknown
/bin/machine           = unknown
/usr/bin/oslevel       = unknown
/bin/universe          = unknown

PATH: /home/guillermo/.local/bin/
PATH: /usr/local/sbin/
PATH: /usr/local/bin/
PATH: /usr/sbin/
PATH: /usr/bin/
PATH: /sbin/
PATH: /bin/
PATH: /usr/games/
PATH: /usr/local/games/
PATH: /snap/bin/


## ----------- ##
## Core tests. ##
## ----------- ##

configure:3026: looking for aux files: ltmain.sh compile config.guess config.sub missing install-sh
configure:3039:  trying ./config/
configure:3068:   ./config/ltmain.sh found
configure:3068:   ./config/compile found
configure:3068:   ./config/config.guess found
configure:3068:   ./config/config.sub found
configure:3068:   ./config/missing found
configure:3050:   ./config/install-sh found
configure:3217: checking for a BSD-compatible install
configure:3290: result: /usr/bin/install -c
configure:3301: checking whether build environment is sane
configure:3356: result: yes
configure:3513: checking for a race-free mkdir -p
configure:3557: result: /usr/bin/mkdir -p
configure:3564: checking for gawk
configure:3599: result: no
configure:3564: checking for mawk
configure:3585: found /usr/bin/mawk
configure:3596: result: mawk
configure:3607: checking whether make sets $(MAKE)
configure:3630: result: yes
configure:3660: checking whether make supports nested variables
configure:3678: result: yes
configure:3763: checking whether UID '1000' is supported by ustar format
configure:3766: result: yes
configure:3773: checking whether GID '1000' is supported by ustar format
configure:3776: result: yes
configure:3784: checking how to create a ustar tar archive
configure:3795: tar --version
tar (GNU tar) 1.30
Copyright (C) 2017 Free Software Foundation, Inc.
License GPLv3+: GNU GPL version 3 or later <https://gnu.org/licenses/gpl.html>.
This is free software: you are free to change and redistribute it.
There is NO WARRANTY, to the extent permitted by law.

Written by John Gilmore and Jay Fenlason.
configure:3798: $? = 0
configure:3838: tardir=conftest.dir && eval tar --format=ustar -chf - "$tardir" >conftest.tar
configure:3841: $? = 0
configure:3845: tar -xf - <conftest.tar
configure:3848: $? = 0
configure:3850: cat conftest.dir/file
GrepMe
configure:3853: $? = 0
configure:3867: result: gnutar
configure:3928: checking build system type
configure:3943: result: x86_64-pc-linux-gnu
configure:3963: checking host system type
configure:3977: result: x86_64-pc-linux-gnu
configure:4006: checking if commonly used function is to be inlined
configure:4014: result: yes
configure:4024: checking if addition with IEEE-style error bound is to be used
configure:4033: result: no
configure:4043: checking if sloppy multiplication is to be used
configure:4051: result: yes
configure:4061: checking if sloppy division is to be used
configure:4069: result: yes
configure:4149: checking for g++
configure:4170: found /usr/bin/g++
configure:4181: result: g++
configure:4208: checking for C++ compiler version
configure:4217: g++ --version >&5
g++ (Ubuntu 9.4.0-1ubuntu1~20.04.2) 9.4.0
Copyright (C) 2019 Free Software Foundation, Inc.
This is free software; see the source for copying conditions.  There is NO
warranty; not even for MERCHANTABILITY or FITNESS FOR A PARTICULAR PURPOSE.

configure:4228: $? = 0
configure:4217: g++ -v >&5
Using built-in specs.
COLLECT_GCC=g++
COLLECT_LTO_WRAPPER=/usr/lib/gcc/x86_64-linux-gnu/9/lto-wrapper
OFFLOAD_TARGET_NAMES=nvptx-none:hsa
OFFLOAD_TARGET_DEFAULT=1
Target: x86_64-linux-gnu
Configured with: ../src/configure -v --with-pkgversion='Ubuntu 9.4.0-1ubuntu1~20.04.2' --with-bugurl=file:///usr/share/doc/gcc-9/README.Bugs --enable-languages=c,ada,c++,go,brig,d,fortran,objc,obj-c++,gm2 --prefix=/usr --with-gcc-major-version-only --program-suffix=-9 --program-prefix=x86_64-linux-gnu- --enable-shared --enable-linker-build-id --libexecdir=/usr/lib --without-included-gettext --enable-threads=posix --libdir=/usr/lib --enable-nls --enable-clocale=gnu --enable-libstdcxx-debug --enable-libstdcxx-time=yes --with-default-libstdcxx-abi=new --enable-gnu-unique-object --disable-vtable-verify --enable-plugin --enable-default-pie --with-system-zlib --with-target-system-zlib=auto --enable-objc-gc=auto --enable-multiarch --disable-werror --with-arch-32=i686 --with-abi=m64 --with-multilib-list=m32,m64,mx32 --enable-multilib --with-tune=generic --enable-offload-targets=nvptx-none=/build/gcc-9-9QDOt0/gcc-9-9.4.0/debian/tmp-nvptx/usr,hsa --without-cuda-driver --enable-checking=release --build=x86_64-linux-gnu --host=x86_64-linux-gnu --target=x86_64-linux-gnu
Thread model: posix
gcc version 9.4.0 (Ubuntu 9.4.0-1ubuntu1~20.04.2) 
configure:4228: $? = 0
configure:4217: g++ -V >&5
g++: error: unrecognized command line option '-V'
g++: fatal error: no input files
compilation terminated.
configure:4228: $? = 1
configure:4217: g++ -qversion >&5
g++: error: unrecognized command line option '-qversion'; did you mean '--version'?
g++: fatal error: no input files
compilation terminated.
configure:4228: $? = 1
configure:4248: checking whether the C++ compiler works
configure:4270: g++    conftest.cpp  >&5
configure:4274: $? = 0
configure:4324: result: yes
configure:4327: checking for C++ compiler default output file name
configure:4329: result: a.out
configure:4335: checking for suffix of executables
configure:4342: g++ -o conftest    conftest.cpp  >&5
configure:4346: $? = 0
configure:4369: result: 
configure:4391: checking whether we are cross compiling
configure:4399: g++ -o conftest    conftest.cpp  >&5
configure:4403: $? = 0
configure:4410: ./conftest
configure:4414: $? = 0
configure:4402: result: no
configure:4407: checking for suffix of object files
configure:4430: g++ -c   conftest.cpp >&5
configure:4434: $? = 0
configure:4456: result: o
configure:4460: checking whether the compiler supports GNU C++
configure:4480: g++ -c   conftest.cpp >&5
configure:4480: $? = 0
configure:4490: result: yes
configure:4501: checking whether g++ accepts -g
configure:4522: g++ -c -g  conftest.cpp >&5
configure:4522: $? = 0
configure:4566: result: yes
configure:4586: checking for g++ option to enable C++11 features
configure:4601: g++  -c -g -O2  conftest.cpp >&5
configure:4601: $? = 0
configure:4619: result: none needed
configure:4686: checking whether make supports the include directive
configure:4701: make -f confmf.GNU && cat confinc.out
this is the am__doit target
configure:4704: $? = 0
configure:4723: result: yes (GNU style)
configure:4749: checking dependency style of g++
configure:4861: result: gcc3
configure:4938: checking for gcc
configure:4959: found /usr/bin/gcc
configure:4970: result: gcc
configure:5323: checking for C compiler version
configure:5332: gcc --version >&5
gcc (Ubuntu 9.4.0-1ubuntu1~20.04.2) 9.4.0
Copyright (C) 2019 Free Software Foundation, Inc.
This is free software; see the source for copying conditions.  There is NO
warranty; not even for MERCHANTABILITY or FITNESS FOR A PARTICULAR PURPOSE.

configure:5343: $? = 0
configure:5332: gcc -v >&5
Using built-in specs.
COLLECT_GCC=gcc
COLLECT_LTO_WRAPPER=/usr/lib/gcc/x86_64-linux-gnu/9/lto-wrapper
OFFLOAD_TARGET_NAMES=nvptx-none:hsa
OFFLOAD_TARGET_DEFAULT=1
Target: x86_64-linux-gnu
Configured with: ../src/configure -v --with-pkgversion='Ubuntu 9.4.0-1ubuntu1~20.04.2' --with-bugurl=file:///usr/share/doc/gcc-9/README.Bugs --enable-languages=c,ada,c++,go,brig,d,fortran,objc,obj-c++,gm2 --prefix=/usr --with-gcc-major-version-only --program-suffix=-9 --program-prefix=x86_64-linux-gnu- --enable-shared --enable-linker-build-id --libexecdir=/usr/lib --without-included-gettext --enable-threads=posix --libdir=/usr/lib --enable-nls --enable-clocale=gnu --enable-libstdcxx-debug --enable-libstdcxx-time=yes --with-default-libstdcxx-abi=new --enable-gnu-unique-object --disable-vtable-verify --enable-plugin --enable-default-pie --with-system-zlib --with-target-system-zlib=auto --enable-objc-gc=auto --enable-multiarch --disable-werror --with-arch-32=i686 --with-abi=m64 --with-multilib-list=m32,m64,mx32 --enable-multilib --with-tune=generic --enable-offload-targets=nvptx-none=/build/gcc-9-9QDOt0/gcc-9-9.4.0/debian/tmp-nvptx/usr,hsa --without-cuda-driver --enable-checking=release --build=x86_64-linux-gnu --host=x86_64-linux-gnu --target=x86_64-linux-gnu
Thread model: posix
gcc version 9.4.0 (Ubuntu 9.4.0-1ubuntu1~20.04.2) 
configure:5343: $? = 0
configure:5332: gcc -V >&5
gcc: error: unrecognized command line option '-V'
gcc: fatal error: no input files
compilation terminated.
configure:5343: $? = 1
configure:5332: gcc -qversion >&5
gcc: error: unrecognized command line option '-qversion'; did you mean '--version'?
gcc: fatal error: no input files
compilation terminated.
configure:5343: $? = 1
configure:5332: gcc -version >&5
gcc: error: unrecognized command line option '-version'
gcc: fatal error: no input files
compilation terminated.
configure:5343: $? = 1
configure:5347: checking whether the compiler supports GNU C
configure:5367: gcc -c   conftest.c >&5
configure:5367: $? = 0
configure:5377: result: yes
configure:5388: checking whether gcc accepts -g
configure:5409: gcc -c -g  conftest.c >&5
configure:5409: $? = 0
configure:5453: result: yes
configure:5473: checking for gcc option to enable C11 features
configure:5488: gcc  -c -g -O2  conftest.c >&5
configure:5488: $? = 0
configure:5506: result: none needed
configure:5622: checking whether gcc understands -c and -o together
configure:5645: gcc -c conftest.c -o conftest2.o
configure:5648: $? = 0
configure:5645: gcc -c conftest.c -o conftest2.o
configure:5648: $? = 0
configure:5660: result: yes
configure:5679: checking dependency style of gcc
configure:5791: result: gcc3
configure:6589: checking for stdio.h
configure:6589: g++ -c -g -O2  conftest.cpp >&5
configure:6589: $? = 0
configure:6589: result: yes
configure:6589: checking for stdlib.h
configure:6589: g++ -c -g -O2  conftest.cpp >&5
configure:6589: $? = 0
configure:6589: result: yes
configure:6589: checking for string.h
configure:6589: g++ -c -g -O2  conftest.cpp >&5
configure:6589: $? = 0
configure:6589: result: yes
configure:6589: checking for inttypes.h
configure:6589: g++ -c -g -O2  conftest.cpp >&5
configure:6589: $? = 0
configure:6589: result: yes
configure:6589: checking for stdint.h
configure:6589: g++ -c -g -O2  conftest.cpp >&5
configure:6589: $? = 0
configure:6589: result: yes
configure:6589: checking for strings.h
configure:6589: g++ -c -g -O2  conftest.cpp >&5
configure:6589: $? = 0
configure:6589: result: yes
configure:6589: checking for sys/stat.h
configure:6589: g++ -c -g -O2  conftest.cpp >&5
configure:6589: $? = 0
configure:6589: result: yes
configure:6589: checking for sys/types.h
configure:6589: g++ -c -g -O2  conftest.cpp >&5
configure:6589: $? = 0
configure:6589: result: yes
configure:6589: checking for unistd.h
configure:6589: g++ -c -g -O2  conftest.cpp >&5
configure:6589: $? = 0
configure:6589: result: yes
configure:6614: checking for ieeefp.h
configure:6614: g++ -c -g -O2  conftest.cpp >&5
conftest.cpp:55:10: fatal error: ieeefp.h: No such file or directory
   55 | #include <ieeefp.h>
      |          ^~~~~~~~~~
compilation terminated.
configure:6614: $? = 1
configure: failed program was:
| /* confdefs.h */
| #define PACKAGE_NAME "qd"
| #define PACKAGE_TARNAME "qd"
| #define PACKAGE_VERSION "2.3.23"
| #define PACKAGE_STRING "qd 2.3.23"
| #define PACKAGE_BUGREPORT "dhbailey@lbl.gov"
| #define PACKAGE_URL ""
| #define MAJOR_VERSION 2
| #define MINOR_VERSION 3
| #define PATCH_VERSION 23
| #define PACKAGE "qd"
| #define VERSION "2.3.23"
| #define QD_INLINE 1
| #define QD_SLOPPY_MUL 1
| #define QD_SLOPPY_DIV 1
| #define HAVE_STDIO_H 1
| #define HAVE_STDLIB_H 1
| #define HAVE_STRING_H 1
| #define HAVE_INTTYPES_H 1
| #define HAVE_STDINT_H 1
| #define HAVE_STRINGS_H 1
| #define HAVE_SYS_STAT_H 1
| #define HAVE_SYS_TYPES_H 1
| #define HAVE_UNISTD_H 1
| #define STDC_HEADERS 1
| /* end confdefs.h.  */
| #include <stddef.h>
| #ifdef HAVE_STDIO_H
| # include <stdio.h>
| #endif
| #ifdef HAVE_STDLIB_H
| # include <stdlib.h>
| #endif
| #ifdef HAVE_STRING_H
| # include <string.h>
| #endif
| #ifdef HAVE_INTTYPES_H
| # include <inttypes.h>
| #endif
| #ifdef HAVE_STDINT_H
| # include <stdint.h>
| #endif
| #ifdef HAVE_STRINGS_H
| # include <strings.h>
| #endif
| #ifdef HAVE_SYS_TYPES_H
| # include <sys/types.h>
| #endif
| #ifdef HAVE_SYS_STAT_H
| # include <sys/stat.h>
| #endif
| #ifdef HAVE_UNISTD_H
| # include <unistd.h>
| #endif
| #include <ieeefp.h>
configure:6614: result: no
configure:6626: checking for _Bool
configure:6626: g++ -c -g -O2  conftest.cpp >&5
conftest.cpp: In function 'int main()':
conftest.cpp:58:13: error: '_Bool' was not declared in this scope
   58 | if (sizeof (_Bool))
      |             ^~~~~
configure:6626: $? = 1
configure: failed program was:
| /* confdefs.h */
| #define PACKAGE_NAME "qd"
| #define PACKAGE_TARNAME "qd"
| #define PACKAGE_VERSION "2.3.23"
| #define PACKAGE_STRING "qd 2.3.23"
| #define PACKAGE_BUGREPORT "dhbailey@lbl.gov"
| #define PACKAGE_URL ""
| #define MAJOR_VERSION 2
| #define MINOR_VERSION 3
| #define PATCH_VERSION 23
| #define PACKAGE "qd"
| #define VERSION "2.3.23"
| #define QD_INLINE 1
| #define QD_SLOPPY_MUL 1
| #define QD_SLOPPY_DIV 1
| #define HAVE_STDIO_H 1
| #define HAVE_STDLIB_H 1
| #define HAVE_STRING_H 1
| #define HAVE_INTTYPES_H 1
| #define HAVE_STDINT_H 1
| #define HAVE_STRINGS_H 1
| #define HAVE_SYS_STAT_H 1
| #define HAVE_SYS_TYPES_H 1
| #define HAVE_UNISTD_H 1
| #define STDC_HEADERS 1
| /* end confdefs.h.  */
| #include <stddef.h>
| #ifdef HAVE_STDIO_H
| # include <stdio.h>
| #endif
| #ifdef HAVE_STDLIB_H
| # include <stdlib.h>
| #endif
| #ifdef HAVE_STRING_H
| # include <string.h>
| #endif
| #ifdef HAVE_INTTYPES_H
| # include <inttypes.h>
| #endif
| #ifdef HAVE_STDINT_H
| # include <stdint.h>
| #endif
| #ifdef HAVE_STRINGS_H
| # include <strings.h>
| #endif
| #ifdef HAVE_SYS_TYPES_H
| # include <sys/types.h>
| #endif
| #ifdef HAVE_SYS_STAT_H
| # include <sys/stat.h>
| #endif
| #ifdef HAVE_UNISTD_H
| # include <unistd.h>
| #endif
| int
| main (void)
| {
| if (sizeof (_Bool))
| 	 return 0;
|   ;
|   return 0;
| }
configure:6626: result: no
configure:6635: checking for stdbool.h that conforms to C99
configure:6751: g++ -c -g -O2  conftest.cpp >&5
configure:6751: $? = 0
configure:6759: result: yes
configure:6768: checking whether struct tm is in sys/time.h or time.h
configure:6789: g++ -c -g -O2  conftest.cpp >&5
configure:6789: $? = 0
configure:6797: result: time.h
configure:6807: checking whether x86 FPU control code is needed
configure:6818: result: yes
configure:6821: checking for fpu_control.h
configure:6821: g++ -c -g -O2  conftest.cpp >&5
configure:6821: $? = 0
configure:6821: result: yes
configure:6831: checking for gettimeofday
configure:6831: g++ -o conftest -g -O2   conftest.cpp  >&5
configure:6831: $? = 0
configure:6831: result: yes
configure:6839: checking for clock_gettime useability
configure:6857: g++ -c -g -O2  conftest.cpp >&5
configure:6857: $? = 0
configure:6870: result: yes
configure:6874: checking for library containing clock_gettime
configure:6903: g++ -o conftest -g -O2   conftest.cpp  >&5
configure:6903: $? = 0
configure:6923: result: none required
configure:6936: checking for isnan
configure:6953: g++ -c -g -O2  conftest.cpp >&5
configure:6953: $? = 0
configure:6955: result: std::isnan
configure:6992: checking for isinf
configure:7009: g++ -c -g -O2  conftest.cpp >&5
configure:7009: $? = 0
configure:7011: result: std::isinf
configure:7048: checking for isfinite
configure:7065: g++ -c -g -O2  conftest.cpp >&5
configure:7065: $? = 0
configure:7067: result: std::isfinite
configure:7104: checking for copysign
configure:7121: g++ -c -g -O2  conftest.cpp >&5
configure:7121: $? = 0
configure:7123: result: std::copysign
configure:7241: checking for xlf95
configure:7276: result: no
configure:7241: checking for ifort
configure:7276: result: no
configure:7241: checking for pathf95
configure:7276: result: no
configure:7241: checking for f95
configure:7276: result: no
configure:7241: checking for gfortran
configure:7276: result: no
configure:7241: checking for g95
configure:7276: result: no
configure:7241: checking for pgf95
configure:7276: result: no
configure:7241: checking for lf95
configure:7276: result: no
configure:7241: checking for fort
configure:7276: result: no
configure:7241: checking for ifc
configure:7276: result: no
configure:7241: checking for efc
configure:7276: result: no
configure:7241: checking for pathf90
configure:7276: result: no
configure:7241: checking for xlf90
configure:7276: result: no
configure:7241: checking for pgf90
configure:7276: result: no
configure:7241: checking for epcf90
configure:7276: result: no
configure:7241: checking for xlf
configure:7276: result: no
configure:7241: checking for f90
configure:7276: result: no
configure:7299: checking for Fortran compiler version
configure:7308:  --version >&5
./configure: line 7310: --version: command not found
configure:7319: $? = 127
configure:7308:  -v >&5
./configure: line 7310: -v: command not found
configure:7319: $? = 127
configure:7308:  -V >&5
./configure: line 7310: -V: command not found
configure:7319: $? = 127
configure:7308:  -qversion >&5
./configure: line 7310: -qversion: command not found
configure:7319: $? = 127
configure:7328: checking whether the compiler supports GNU Fortran
configure:7342:  -c   conftest.F >&5
./configure: line 1925: -c: command not found
configure:7342: $? = 127
configure: failed program was:
|       program main
| #ifndef __GNUC__
|        choke me
| #endif
| 
|       end
configure:7352: result: no
configure:7360: checking whether  accepts -g
configure:7372:  -c -g  conftest.f >&5
./configure: line 1925: -c: command not found
configure:7372: $? = 127
configure: failed program was:
|       program main
| 
|       end
configure:7381: result: no
configure:8530: checking for sqrt in -lm
configure:8560: g++ -o conftest -g -O2   conftest.cpp -lm   >&5
configure:8560: $? = 0
configure:8570: result: yes
configure:8629: checking how to print strings
configure:8656: result: printf
configure:8677: checking for a sed that does not truncate output
configure:8747: result: /usr/bin/sed
configure:8765: checking for grep that handles long lines and -e
configure:8829: result: /usr/bin/grep
configure:8834: checking for egrep
configure:8902: result: /usr/bin/grep -E
configure:8907: checking for fgrep
configure:8975: result: /usr/bin/grep -F
configure:9011: checking for ld used by gcc
configure:9079: result: /usr/bin/ld
configure:9086: checking if the linker (/usr/bin/ld) is GNU ld
configure:9102: result: yes
configure:9114: checking for BSD- or MS-compatible name lister (nm)
configure:9169: result: /usr/bin/nm -B
configure:9309: checking the name lister (/usr/bin/nm -B) interface
configure:9317: g++ -c -g -O2  conftest.cpp >&5
configure:9320: /usr/bin/nm -B "conftest.o"
configure:9323: output
0000000000000000 B some_variable
configure:9324: result: BSD nm
configure:9327: checking whether ln -s works
configure:9331: result: yes
configure:9339: checking the maximum length of command line arguments
configure:9476: result: 1572864
configure:9524: checking how to convert x86_64-pc-linux-gnu file names to x86_64-pc-linux-gnu format
configure:9565: result: func_convert_file_noop
configure:9572: checking how to convert x86_64-pc-linux-gnu file names to toolchain format
configure:9593: result: func_convert_file_noop
configure:9600: checking for /usr/bin/ld option to reload object files
configure:9608: result: -r
configure:9687: checking for objdump
configure:9708: found /usr/bin/objdump
configure:9719: result: objdump
configure:9751: checking how to recognize dependent libraries
configure:9952: result: pass_all
configure:10042: checking for dlltool
configure:10077: result: no
configure:10107: checking how to associate runtime and link libraries
configure:10135: result: printf %s\n
configure:10200: checking for ar
configure:10221: found /usr/bin/ar
configure:10232: result: ar
configure:10269: checking for archiver @FILE support
configure:10295: g++ -c -g -O2  conftest.cpp >&5
configure:10295: $? = 0
configure:10299: ar cru libconftest.a @conftest.lst >&5
ar: `u' modifier ignored since `D' is the default (see `U')
configure:10302: $? = 0
configure:10307: ar cru libconftest.a @conftest.lst >&5
ar: `u' modifier ignored since `D' is the default (see `U')
ar: conftest.o: No such file or directory
configure:10310: $? = 1
configure:10309: result: @
configure:10372: checking for strip
configure:10393: found /usr/bin/strip
configure:10404: result: strip
configure:10481: checking for ranlib
configure:10502: found /usr/bin/ranlib
configure:10513: result: ranlib
configure:10615: checking command to parse /usr/bin/nm -B output from gcc object
configure:10769: g++ -c -g -O2  conftest.cpp >&5
configure:10772: $? = 0
configure:10776: /usr/bin/nm -B conftest.o \| sed -n -e 's/^.*[ ]\([ABCDGIRSTW][ABCDGIRSTW]*\)[ ][ ]*\([_A-Za-z][_A-Za-z0-9]*\)$/\1 \2 \2/p' | sed '/ __gnu_lto/d' \> conftest.nm
configure:10779: $? = 0
configure:10845: g++ -o conftest -g -O2   conftest.cpp conftstm.o >&5
configure:10848: $? = 0
configure:10886: result: ok
configure:10933: checking for sysroot
configure:10964: result: no
configure:10971: checking for a working dd
configure:11015: result: /usr/bin/dd
configure:11019: checking how to truncate binary pipes
configure:11035: result: /usr/bin/dd bs=4096 count=1
configure:11172: g++ -c -g -O2  conftest.cpp >&5
configure:11175: $? = 0
configure:11380: checking for mt
configure:11401: found /usr/bin/mt
configure:11412: result: mt
configure:11435: checking if mt is a manifest tool
configure:11442: mt '-?'
configure:11450: result: no
configure:12184: checking for dlfcn.h
configure:12184: g++ -c -g -O2  conftest.cpp >&5
configure:12184: $? = 0
configure:12184: result: yes
configure:12453: checking for objdir
configure:12469: result: .libs
configure:12733: checking if gcc supports -fno-rtti -fno-exceptions
configure:12752: gcc -c -g -O2  -fno-rtti -fno-exceptions conftest.c >&5
cc1: warning: command line option '-fno-rtti' is valid for C++/D/ObjC++ but not for C
configure:12756: $? = 0
configure:12769: result: no
configure:13127: checking for gcc option to produce PIC
configure:13135: result: -fPIC -DPIC
configure:13143: checking if gcc PIC flag -fPIC -DPIC works
configure:13162: gcc -c -g -O2  -fPIC -DPIC -DPIC conftest.c >&5
configure:13166: $? = 0
configure:13179: result: yes
configure:13208: checking if gcc static flag -static works
configure:13237: result: yes
configure:13252: checking if gcc supports -c -o file.o
configure:13274: gcc -c -g -O2  -o out/conftest2.o conftest.c >&5
configure:13278: $? = 0
configure:13300: result: yes
configure:13308: checking if gcc supports -c -o file.o
configure:13356: result: yes
configure:13389: checking whether the gcc linker (/usr/bin/ld -m elf_x86_64) supports shared libraries
configure:14671: result: yes
configure:14708: checking whether -lc should be explicitly linked in
configure:14717: gcc -c -g -O2  conftest.c >&5
configure:14720: $? = 0
configure:14735: gcc -shared  -fPIC -DPIC conftest.o  -v -Wl,-soname -Wl,conftest -o conftest 2\>\&1 \| /usr/bin/grep  -lc  \>/dev/null 2\>\&1
configure:14738: $? = 0
configure:14752: result: no
configure:14912: checking dynamic linker characteristics
configure:15515: gcc -o conftest -g -O2   -Wl,-rpath -Wl,/foo conftest.c -lm  >&5
configure:15515: $? = 0
configure:15754: result: GNU/Linux ld.so
configure:15876: checking how to hardcode library paths into programs
configure:15901: result: immediate
configure:16493: checking whether stripping libraries is possible
configure:16498: result: yes
configure:16533: checking if libtool supports shared libraries
configure:16535: result: yes
configure:16538: checking whether to build shared libraries
configure:16563: result: yes
configure:16566: checking whether to build static libraries
configure:16570: result: yes
configure:13292: checking how to run the C++ preprocessor
configure:13314: g++ -E  conftest.cpp
configure:13314: $? = 0
configure:13329: g++ -E  conftest.cpp
conftest.cpp:41:10: fatal error: ac_nonexistent.h: No such file or directory
   41 | #include <ac_nonexistent.h>
      |          ^~~~~~~~~~~~~~~~~~
compilation terminated.
configure:13329: $? = 1
configure: failed program was:
| /* confdefs.h */
| #define PACKAGE_NAME "qd"
| #define PACKAGE_TARNAME "qd"
| #define PACKAGE_VERSION "2.3.23"
| #define PACKAGE_STRING "qd 2.3.23"
| #define PACKAGE_BUGREPORT "dhbailey@lbl.gov"
| #define PACKAGE_URL ""
| #define MAJOR_VERSION 2
| #define MINOR_VERSION 3
| #define PATCH_VERSION 23
| #define PACKAGE "qd"
| #define VERSION "2.3.23"
| #define QD_INLINE 1
| #define QD_SLOPPY_MUL 1
| #define QD_SLOPPY_DIV 1
| #define HAVE_STDIO_H 1
| #define HAVE_STDLIB_H 1
| #define HAVE_STRING_H 1
| #define HAVE_INTTYPES_H 1
| #define HAVE_STDINT_H 1
| #define HAVE_STRINGS_H 1
| #define HAVE_SYS_STAT_H 1
| #define HAVE_SYS_TYPES_H 1
| #define HAVE_UNISTD_H 1
| #define STDC_HEADERS 1
| #define HAVE_STDBOOL_H 1
| #define X86 1
| #define HAVE_FPU_CONTROL_H 1
| #define HAVE_GETTIMEOFDAY 1
| #define HAVE_CLOCK_GETTIME 1
| #define QD_ISNAN(x) std::isnan(x)
| #define QD_ISINF(x) std::isinf(x)
| #define QD_ISFINITE(x) std::isfinite(x)
| #define QD_COPYSIGN(x, y) std::copysign(x, y)
| #define QD_API /**/
| #define QD_HAVE_STD 1
| #define HAVE_LIBM 1
| #define HAVE_DLFCN_H 1
| #define LT_OBJDIR ".libs/"
| /* end confdefs.h.  */
| #include <ac_nonexistent.h>
configure:13356: result: g++ -E
configure:13370: g++ -E  conftest.cpp
configure:13370: $? = 0
configure:13385: g++ -E  conftest.cpp
conftest.cpp:41:10: fatal error: ac_nonexistent.h: No such file or directory
   41 | #include <ac_nonexistent.h>
      |          ^~~~~~~~~~~~~~~~~~
compilation terminated.
configure:13385: $? = 1
configure: failed program was:
| /* confdefs.h */
| #define PACKAGE_NAME "qd"
| #define PACKAGE_TARNAME "qd"
| #define PACKAGE_VERSION "2.3.23"
| #define PACKAGE_STRING "qd 2.3.23"
| #define PACKAGE_BUGREPORT "dhbailey@lbl.gov"
| #define PACKAGE_URL ""
| #define MAJOR_VERSION 2
| #define MINOR_VERSION 3
| #define PATCH_VERSION 23
| #define PACKAGE "qd"
| #define VERSION "2.3.23"
| #define QD_INLINE 1
| #define QD_SLOPPY_MUL 1
| #define QD_SLOPPY_DIV 1
| #define HAVE_STDIO_H 1
| #define HAVE_STDLIB_H 1
| #define HAVE_STRING_H 1
| #define HAVE_INTTYPES_H 1
| #define HAVE_STDINT_H 1
| #define HAVE_STRINGS_H 1
| #define HAVE_SYS_STAT_H 1
| #define HAVE_SYS_TYPES_H 1
| #define HAVE_UNISTD_H 1
| #define STDC_HEADERS 1
| #define HAVE_STDBOOL_H 1
| #define X86 1
| #define HAVE_FPU_CONTROL_H 1
| #define HAVE_GETTIMEOFDAY 1
| #define HAVE_CLOCK_GETTIME 1
| #define QD_ISNAN(x) std::isnan(x)
| #define QD_ISINF(x) std::isinf(x)
| #define QD_ISFINITE(x) std::isfinite(x)
| #define QD_COPYSIGN(x, y) std::copysign(x, y)
| #define QD_API /**/
| #define QD_HAVE_STD 1
| #define HAVE_LIBM 1
| #define HAVE_DLFCN_H 1
| #define LT_OBJDIR ".libs/"
| /* end confdefs.h.  */
| #include <ac_nonexistent.h>
configure:13550: checking for ld used by g++
configure:13618: result: /usr/bin/ld -m elf_x86_64
configure:13625: checking if the linker (/usr/bin/ld -m elf_x86_64) is GNU ld
configure:13641: result: yes
configure:13696: checking whether the g++ linker (/usr/bin/ld -m elf_x86_64) supports shared libraries
configure:14789: result: yes
configure:14825: g++ -c -g -O2  conftest.cpp >&5
configure:14828: $? = 0
configure:15309: checking for g++ option to produce PIC
configure:15317: result: -fPIC -DPIC
configure:15325: checking if g++ PIC flag -fPIC -DPIC works
configure:15344: g++ -c -g -O2  -fPIC -DPIC -DPIC conftest.cpp >&5
configure:15348: $? = 0
configure:15361: result: yes
configure:15384: checking if g++ static flag -static works
configure:15413: result: yes
configure:15425: checking if g++ supports -c -o file.o
configure:15447: g++ -c -g -O2  -o out/conftest2.o conftest.cpp >&5
configure:15451: $? = 0
configure:15473: result: yes
configure:15478: checking if g++ supports -c -o file.o
configure:15526: result: yes
configure:15556: checking whether the g++ linker (/usr/bin/ld -m elf_x86_64) supports shared libraries
configure:15596: result: yes
configure:15738: checking dynamic linker characteristics
configure:16507: result: GNU/Linux ld.so
configure:16572: checking how to hardcode library paths into programs
configure:16597: result: immediate
configure:18700: checking that generated files are newer than configure
configure:18706: result: done
configure:18741: creating ./config.status

## ---------------------- ##
## Running config.status. ##
## ---------------------- ##

This file was extended by qd config.status 2.3.23, which was
generated by GNU Autoconf 2.71.  Invocation command line was

  CONFIG_FILES    = 
  CONFIG_HEADERS  = 
  CONFIG_LINKS    = 
  CONFIG_COMMANDS = 
  $ ./config.status 

on guillermo-VirtualBox

config.status:1230: creating Makefile
config.status:1230: creating src/Makefile
config.status:1230: creating include/Makefile
config.status:1230: creating tests/Makefile
config.status:1230: creating fortran/Makefile
config.status:1230: creating qd-config
config.status:1230: creating fortran/second.f
config.status:1230: creating qd.pc
config.status:1230: creating config.h
config.status:1411: config.h is unchanged
config.status:1230: creating include/qd/qd_config.h
config.status:1411: include/qd/qd_config.h is unchanged
config.status:1459: executing depfiles commands
config.status:1536: cd src       && sed -e '/# am--include-marker/d' Makefile         | make -f - am--depfiles
make: Nothing to be done for 'am--depfiles'.
config.status:1541: $? = 0
config.status:1536: cd tests       && sed -e '/# am--include-marker/d' Makefile         | make -f - am--depfiles
make: Nothing to be done for 'am--depfiles'.
config.status:1541: $? = 0
config.status:1536: cd fortran       && sed -e '/# am--include-marker/d' Makefile         | make -f - am--depfiles
make: Nothing to be done for 'am--depfiles'.
config.status:1541: $? = 0
config.status:1459: executing libtool commands

## ---------------- ##
## Cache variables. ##
## ---------------- ##

ac_cv_build=x86_64-pc-linux-gnu
ac_cv_c_compiler_gnu=yes
ac_cv_cxx_compiler_gnu=yes
ac_cv_env_CCC_set=
ac_cv_env_CCC_value=
ac_cv_env_CC_set=
ac_cv_env_CC_value=
ac_cv_env_CFLAGS_set=
ac_cv_env_CFLAGS_value=
ac_cv_env_CPPFLAGS_set=
ac_cv_env_CPPFLAGS_value=
ac_cv_env_CXXCPP_set=
ac_cv_env_CXXCPP_value=
ac_cv_env_CXXFLAGS_set=
ac_cv_env_CXXFLAGS_value=
ac_cv_env_CXX_set=
ac_cv_env_CXX_value=
ac_cv_env_FCFLAGS_set=
ac_cv_env_FCFLAGS_value=
ac_cv_env_FC_set=
ac_cv_env_FC_value=
ac_cv_env_LDFLAGS_set=
ac_cv_env_LDFLAGS_value=
ac_cv_env_LIBS_set=
ac_cv_env_LIBS_value=
ac_cv_env_LT_SYS_LIBRARY_PATH_set=
ac_cv_env_LT_SYS_LIBRARY_PATH_value=
ac_cv_env_build_alias_set=
ac_cv_env_build_alias_value=
ac_cv_env_host_alias_set=
ac_cv_env_host_alias_value=
ac_cv_env_target_alias_set=
ac_cv_env_target_alias_value=
ac_cv_fc_compiler_gnu=no
ac_cv_func_gettimeofday=yes
ac_cv_header_dlfcn_h=yes
ac_cv_header_fpu_control_h=yes
ac_cv_header_ieeefp_h=no
ac_cv_header_inttypes_h=yes
ac_cv_header_stdbool_h=yes
ac_cv_header_stdint_h=yes
ac_cv_header_stdio_h=yes
ac_cv_header_stdlib_h=yes
ac_cv_header_string_h=yes
ac_cv_header_strings_h=yes
ac_cv_header_sys_stat_h=yes
ac_cv_header_sys_types_h=yes
ac_cv_header_unistd_h=yes
ac_cv_host=x86_64-pc-linux-gnu
ac_cv_lib_m_sqrt=yes
ac_cv_objext=o
ac_cv_path_EGREP='/usr/bin/grep -E'
ac_cv_path_FGREP='/usr/bin/grep -F'
ac_cv_path_GREP=/usr/bin/grep
ac_cv_path_SED=/usr/bin/sed
ac_cv_path_install='/usr/bin/install -c'
ac_cv_path_lt_DD=/usr/bin/dd
ac_cv_path_mkdir=/usr/bin/mkdir
ac_cv_prog_AWK=mawk
ac_cv_prog_CXXCPP='g++ -E'
ac_cv_prog_ac_ct_AR=ar
ac_cv_prog_ac_ct_CC=gcc
ac_cv_prog_ac_ct_CXX=g++
ac_cv_prog_ac_ct_MANIFEST_TOOL=mt
ac_cv_prog_ac_ct_OBJDUMP=objdump
ac_cv_prog_ac_ct_RANLIB=ranlib
ac_cv_prog_ac_ct_STRIP=strip
ac_cv_prog_cc_c11=
ac_cv_prog_cc_g=yes
ac_cv_prog_cc_stdc=
ac_cv_prog_cxx_11=no
ac_cv_prog_cxx_cxx11=
ac_cv_prog_cxx_g=yes
ac_cv_prog_cxx_stdcxx=
ac_cv_prog_fc_g=no
ac_cv_prog_make_make_set=yes
ac_cv_search_clock_gettime='none required'
ac_cv_struct_tm=time.h
ac_cv_type__Bool=no
am_cv_CC_dependencies_compiler_type=gcc3
am_cv_CXX_dependencies_compiler_type=gcc3
am_cv_make_support_nested_variables=yes
am_cv_prog_cc_c_o=yes
am_cv_prog_tar_ustar=gnutar
lt_cv_ar_at_file=@
lt_cv_archive_cmds_need_lc=no
lt_cv_deplibs_check_method=pass_all
lt_cv_file_magic_cmd='$MAGIC_CMD'
lt_cv_file_magic_test_file=
lt_cv_ld_reload_flag=-r
lt_cv_nm_interface='BSD nm'
lt_cv_objdir=.libs
lt_cv_path_LD=/usr/bin/ld
lt_cv_path_LDCXX='/usr/bin/ld -m elf_x86_64'
lt_cv_path_NM='/usr/bin/nm -B'
lt_cv_path_mainfest_tool=no
lt_cv_prog_compiler_c_o=yes
lt_cv_prog_compiler_c_o_CXX=yes
lt_cv_prog_compiler_pic='-fPIC -DPIC'
lt_cv_prog_compiler_pic_CXX='-fPIC -DPIC'
lt_cv_prog_compiler_pic_works=yes
lt_cv_prog_compiler_pic_works_CXX=yes
lt_cv_prog_compiler_rtti_exceptions=no
lt_cv_prog_compiler_static_works=yes
lt_cv_prog_compiler_static_works_CXX=yes
lt_cv_prog_gnu_ld=yes
lt_cv_prog_gnu_ldcxx=yes
lt_cv_sharedlib_from_linklib_cmd='printf %s\n'
lt_cv_shlibpath_overrides_runpath=yes
lt_cv_sys_global_symbol_pipe='sed -n -e '\''s/^.*[	 ]\([ABCDGIRSTW][ABCDGIRSTW]*\)[	 ][	 ]*\([_A-Za-z][_A-Za-z0-9]*\)$/\1 \2 \2/p'\'' | sed '\''/ __gnu_lto/d'\'''
lt_cv_sys_global_symbol_to_c_name_address='sed -n -e '\''s/^: \(.*\) .*$/  {"\1", (void *) 0},/p'\'' -e '\''s/^[ABCDGIRSTW][ABCDGIRSTW]* .* \(.*\)$/  {"\1", (void *) \&\1},/p'\'''
lt_cv_sys_global_symbol_to_c_name_address_lib_prefix='sed -n -e '\''s/^: \(.*\) .*$/  {"\1", (void *) 0},/p'\'' -e '\''s/^[ABCDGIRSTW][ABCDGIRSTW]* .* \(lib.*\)$/  {"\1", (void *) \&\1},/p'\'' -e '\''s/^[ABCDGIRSTW][ABCDGIRSTW]* .* \(.*\)$/  {"lib\1", (void *) \&\1},/p'\'''
lt_cv_sys_global_symbol_to_cdecl='sed -n -e '\''s/^T .* \(.*\)$/extern int \1();/p'\'' -e '\''s/^[ABCDGIRSTW][ABCDGIRSTW]* .* \(.*\)$/extern char \1;/p'\'''
lt_cv_sys_global_symbol_to_import=
lt_cv_sys_max_cmd_len=1572864
lt_cv_to_host_file_cmd=func_convert_file_noop
lt_cv_to_tool_file_cmd=func_convert_file_noop
lt_cv_truncate_bin='/usr/bin/dd bs=4096 count=1'

## ----------------- ##
## Output variables. ##
## ----------------- ##

ACLOCAL='${SHELL} '\''/home/guillermo/dingo/qd_root_directory/config/missing'\'' aclocal-1.16'
AMDEPBACKSLASH='\'
AMDEP_FALSE='#'
AMDEP_TRUE=''
AMTAR='$${TAR-tar}'
AM_BACKSLASH='\'
AM_DEFAULT_V='$(AM_DEFAULT_VERBOSITY)'
AM_DEFAULT_VERBOSITY='1'
AM_V='$(V)'
AR='ar'
AUTOCONF='${SHELL} '\''/home/guillermo/dingo/qd_root_directory/config/missing'\'' autoconf'
AUTOHEADER='${SHELL} '\''/home/guillermo/dingo/qd_root_directory/config/missing'\'' autoheader'
AUTOMAKE='${SHELL} '\''/home/guillermo/dingo/qd_root_directory/config/missing'\'' automake-1.16'
AWK='mawk'
CC='gcc'
CCDEPMODE='depmode=gcc3'
CFLAGS='-g -O2'
CONFIGURE_ARGS=''
CPPFLAGS=''
CXX='g++'
CXXCPP='g++ -E'
CXXDEPMODE='depmode=gcc3'
CXXFLAGS='-g -O2'
CYGPATH_W='echo'
DEFS='-DHAVE_CONFIG_H'
DEPDIR='.deps'
DLLTOOL='false'
DSYMUTIL=''
DUMPBIN=''
ECHO_C=''
ECHO_N='-n'
ECHO_T=''
EGREP='/usr/bin/grep -E'
ETIME=''
EXEEXT=''
F77=''
FC=''
FCFLAGS=' '
FCLIBS=''
FFLAGS=' '
FGREP='/usr/bin/grep -F'
GREP='/usr/bin/grep'
HAVE_FORTRAN_FALSE=''
HAVE_FORTRAN_TRUE='#'
INSTALL_DATA='${INSTALL} -m 644'
INSTALL_PROGRAM='${INSTALL}'
INSTALL_SCRIPT='${INSTALL}'
INSTALL_STRIP_PROGRAM='$(install_sh) -c -s'
LD='/usr/bin/ld -m elf_x86_64'
LDFLAGS=''
LIBOBJS=''
LIBS='-lm '
LIBTOOL='$(SHELL) $(top_builddir)/libtool'
LIPO=''
LN_S='ln -s'
LTLIBOBJS=''
LT_SYS_LIBRARY_PATH=''
MAKEINFO='${SHELL} '\''/home/guillermo/dingo/qd_root_directory/config/missing'\'' makeinfo'
MANIFEST_TOOL=':'
MKDIR_P='/usr/bin/mkdir -p'
NM='/usr/bin/nm -B'
NMEDIT=''
OBJDUMP='objdump'
OBJEXT='o'
OTOOL64=''
OTOOL=''
PACKAGE='qd'
PACKAGE_BUGREPORT='dhbailey@lbl.gov'
PACKAGE_NAME='qd'
PACKAGE_STRING='qd 2.3.23'
PACKAGE_TARNAME='qd'
PACKAGE_URL=''
PACKAGE_VERSION='2.3.23'
PATH_SEPARATOR=':'
RANLIB='ranlib'
REQ_FCFLAGS=''
SED='/usr/bin/sed'
SET_MAKE=''
SHELL='/bin/bash'
STRIP='strip'
UPCASE_MODULE_FALSE=''
UPCASE_MODULE_TRUE='#'
VERSION='2.3.23'
ac_ct_AR='ar'
ac_ct_CC='gcc'
ac_ct_CXX='g++'
ac_ct_DUMPBIN=''
ac_ct_FC=''
am__EXEEXT_FALSE=''
am__EXEEXT_TRUE='#'
am__fastdepCC_FALSE='#'
am__fastdepCC_TRUE=''
am__fastdepCXX_FALSE='#'
am__fastdepCXX_TRUE=''
am__include='include'
am__isrc=''
am__leading_dot='.'
am__nodep='_no'
am__quote=''
am__tar='tar --format=ustar -chf - "$$tardir"'
am__untar='tar -xf -'
ax_f90_modflag=''
bindir='${exec_prefix}/bin'
build='x86_64-pc-linux-gnu'
build_alias=''
build_cpu='x86_64'
build_os='linux-gnu'
build_vendor='pc'
datadir='${datarootdir}'
datarootdir='${prefix}/share'
docdir='${datarootdir}/doc/${PACKAGE_TARNAME}'
dvidir='${docdir}'
exec_prefix='${prefix}'
host='x86_64-pc-linux-gnu'
host_alias=''
host_cpu='x86_64'
host_os='linux-gnu'
host_vendor='pc'
htmldir='${docdir}'
includedir='${prefix}/include'
infodir='${datarootdir}/info'
install_sh='${SHELL} /home/guillermo/dingo/qd_root_directory/config/install-sh'
libdir='${exec_prefix}/lib'
libexecdir='${exec_prefix}/libexec'
localedir='${datarootdir}/locale'
localstatedir='${prefix}/var'
mandir='${datarootdir}/man'
mkdir_p='$(MKDIR_P)'
module_ext=''
oldincludedir='/usr/include'
pdfdir='${docdir}'
prefix='/usr/local'
program_transform_name='s,x,x,'
psdir='${docdir}'
runstatedir='${localstatedir}/run'
sbindir='${exec_prefix}/sbin'
sharedstatedir='${prefix}/com'
sysconfdir='${prefix}/etc'
target_alias=''

## ----------- ##
## confdefs.h. ##
## ----------- ##

/* confdefs.h */
#define PACKAGE_NAME "qd"
#define PACKAGE_TARNAME "qd"
#define PACKAGE_VERSION "2.3.23"
#define PACKAGE_STRING "qd 2.3.23"
#define PACKAGE_BUGREPORT "dhbailey@lbl.gov"
#define PACKAGE_URL ""
#define MAJOR_VERSION 2
#define MINOR_VERSION 3
#define PATCH_VERSION 23
#define PACKAGE "qd"
#define VERSION "2.3.23"
#define QD_INLINE 1
#define QD_SLOPPY_MUL 1
#define QD_SLOPPY_DIV 1
#define HAVE_STDIO_H 1
#define HAVE_STDLIB_H 1
#define HAVE_STRING_H 1
#define HAVE_INTTYPES_H 1
#define HAVE_STDINT_H 1
#define HAVE_STRINGS_H 1
#define HAVE_SYS_STAT_H 1
#define HAVE_SYS_TYPES_H 1
#define HAVE_UNISTD_H 1
#define STDC_HEADERS 1
#define HAVE_STDBOOL_H 1
#define X86 1
#define HAVE_FPU_CONTROL_H 1
#define HAVE_GETTIMEOFDAY 1
#define HAVE_CLOCK_GETTIME 1
#define QD_ISNAN(x) std::isnan(x)
#define QD_ISINF(x) std::isinf(x)
#define QD_ISFINITE(x) std::isfinite(x)
#define QD_COPYSIGN(x, y) std::copysign(x, y)
#define QD_API /**/
#define QD_HAVE_STD 1
#define HAVE_LIBM 1
#define HAVE_DLFCN_H 1
#define LT_OBJDIR ".libs/"

configure: exit 0
